# JRE version: Java(TM) SE Runtime Environment (8.0_05-b13) (build 1.8.0_05-b13)
# Java VM: Java HotSpot(TM) 64-Bit Server VM (25.5-b02 mixed mode linux-amd64 compressed oops)
Heap:
 PSYoungGen      total 22528K, used 2225K [0x00000000eb600000, 0x00000000ecf80000, 0x0000000100000000)
  eden space 18944K, 11% used [0x00000000eb600000,0x00000000eb82c530,0x00000000ec880000)
  from space 3584K, 0% used [0x00000000ecc00000,0x00000000ecc00000,0x00000000ecf80000)
  to   space 3584K, 0% used [0x00000000ec880000,0x00000000ec880000,0x00000000ecc00000)
 ParOldGen       total 23552K, used 17658K [0x00000000c2200000, 0x00000000c3900000, 0x00000000eb600000)
  object space 23552K, 74% used [0x00000000c2200000,0x00000000c333ebf0,0x00000000c3900000)
 Metaspace       used 21136K, capacity 21284K, committed 21504K, reserved 1067008K
  class space    used 2951K, capacity 3006K, committed 3072K, reserved 1048576K
GC Heap History (10 events):
Event: 1.511 GC heap before
{Heap before GC invocations=9 (full 0):
 PSYoungGen      total 9216K, used 9216K [0x00000000eb600000, 0x00000000ec200000, 0x0000000100000000)
  eden space 7680K, 100% used [0x00000000eb600000,0x00000000ebd80000,0x00000000ebd80000)
  from space 1536K, 100% used [0x00000000ebf80000,0x00000000ec100000,0x00000000ec100000)
  to   space 2048K, 0% used [0x00000000ebd80000,0x00000000ebd80000,0x00000000ebf80000)
 ParOldGen       total 61952K, used 4012K [0x00000000c2200000, 0x00000000c5e80000, 0x00000000eb600000)
  object space 61952K, 6% used [0x00000000c2200000,0x00000000c25eb0a0,0x00000000c5e80000)
 Metaspace       used 12165K, capacity 12254K, committed 12288K, reserved 1060864K
  class space    used 1762K, capacity 1781K, committed 1792K, reserved 1048576K
Event: 1.518 GC heap after
Heap after GC invocations=9 (full 0):
 PSYoungGen      total 9728K, used 2016K [0x00000000eb600000, 0x00000000ec700000, 0x0000000100000000)
  eden space 7680K, 0% used [0x00000000eb600000,0x00000000eb600000,0x00000000ebd80000)
  from space 2048K, 98% used [0x00000000ebd80000,0x00000000ebf78010,0x00000000ebf80000)
  to   space 2560K, 0% used [0x00000000ec480000,0x00000000ec480000,0x00000000ec700000)
 ParOldGen       total 61952K, used 5110K [0x00000000c2200000, 0x00000000c5e80000, 0x00000000eb600000)
  object space 61952K, 8% used [0x00000000c2200000,0x00000000c26fd8c0,0x00000000c5e80000)
 Metaspace       used 12165K, capacity 12254K, committed 12288K, reserved 1060864K
  class space    used 1762K, capacity 1781K, committed 1792K, reserved 1048576K
}
Event: 1.801 GC heap before
{Heap before GC invocations=10 (full 0):
 PSYoungGen      total 9728K, used 8106K [0x00000000eb600000, 0x00000000ec700000, 0x0000000100000000)
  eden space 7680K, 79% used [0x00000000eb600000,0x00000000ebbf2b88,0x00000000ebd80000)
  from space 2048K, 98% used [0x00000000ebd80000,0x00000000ebf78010,0x00000000ebf80000)
  to   space 2560K, 0% used [0x00000000ec480000,0x00000000ec480000,0x00000000ec700000)
 ParOldGen       total 61952K, used 8998K [0x00000000c2200000, 0x00000000c5e80000, 0x00000000eb600000)
  object space 61952K, 14% used [0x00000000c2200000,0x00000000c2ac98d0,0x00000000c5e80000)
 Metaspace       used 13375K, capacity 13502K, committed 13696K, reserved 1060864K
  class space    used 2030K, capacity 2069K, committed 2176K, reserved 1048576K
Event: 1.805 GC heap after
Heap after GC invocations=10 (full 0):
 PSYoungGen      total 14336K, used 2555K [0x00000000eb600000, 0x00000000ec800000, 0x0000000100000000)
  eden space 11776K, 0% used [0x00000000eb600000,0x00000000eb600000,0x00000000ec180000)
  from space 2560K, 99% used [0x00000000ec480000,0x00000000ec6fecb8,0x00000000ec700000)
  to   space 3072K, 0% used [0x00000000ec180000,0x00000000ec180000,0x00000000ec480000)
 ParOldGen       total 61952K, used 10710K [0x00000000c2200000, 0x00000000c5e80000, 0x00000000eb600000)
  object space 61952K, 17% used [0x00000000c2200000,0x00000000c2c758e0,0x00000000c5e80000)
 Metaspace       used 13375K, capacity 13502K, committed 13696K, reserved 1060864K
  class space    used 2030K, capacity 2069K, committed 2176K, reserved 1048576K
}
Event: 117.088 GC heap before
{Heap before GC invocations=11 (full 0):
 PSYoungGen      total 14336K, used 14331K [0x00000000eb600000, 0x00000000ec800000, 0x0000000100000000)
  eden space 11776K, 100% used [0x00000000eb600000,0x00000000ec180000,0x00000000ec180000)
  from space 2560K, 99% used [0x00000000ec480000,0x00000000ec6fecb8,0x00000000ec700000)
  to   space 3072K, 0% used [0x00000000ec180000,0x00000000ec180000,0x00000000ec480000)
 ParOldGen       total 61952K, used 10710K [0x00000000c2200000, 0x00000000c5e80000, 0x00000000eb600000)
  object space 61952K, 17% used [0x00000000c2200000,0x00000000c2c758e0,0x00000000c5e80000)
 Metaspace       used 18492K, capacity 18644K, committed 18816K, reserved 1064960K
  class space    used 2552K, capacity 2620K, committed 2688K, reserved 1048576K
Event: 117.097 GC heap after
Heap after GC invocations=11 (full 0):
 PSYoungGen      total 14848K, used 2835K [0x00000000eb600000, 0x00000000ecf80000, 0x0000000100000000)
  eden space 11776K, 0% used [0x00000000eb600000,0x00000000eb600000,0x00000000ec180000)
  from space 3072K, 92% used [0x00000000ec180000,0x00000000ec444c10,0x00000000ec480000)
  to   space 3584K, 0% used [0x00000000ecc00000,0x00000000ecc00000,0x00000000ecf80000)
 ParOldGen       total 61952K, used 15092K [0x00000000c2200000, 0x00000000c5e80000, 0x00000000eb600000)
  object space 61952K, 24% used [0x00000000c2200000,0x00000000c30bd1a8,0x00000000c5e80000)
 Metaspace       used 18492K, capacity 18644K, committed 18816K, reserved 1064960K
  class space    used 2552K, capacity 2620K, committed 2688K, reserved 1048576K
}
Event: 120.891 GC heap before
{Heap before GC invocations=12 (full 0):
 PSYoungGen      total 14848K, used 8178K [0x00000000eb600000, 0x00000000ecf80000, 0x0000000100000000)
  eden space 11776K, 45% used [0x00000000eb600000,0x00000000ebb37d10,0x00000000ec180000)
  from space 3072K, 92% used [0x00000000ec180000,0x00000000ec444c10,0x00000000ec480000)
  to   space 3584K, 0% used [0x00000000ecc00000,0x00000000ecc00000,0x00000000ecf80000)
 ParOldGen       total 61952K, used 15092K [0x00000000c2200000, 0x00000000c5e80000, 0x00000000eb600000)
  object space 61952K, 24% used [0x00000000c2200000,0x00000000c30bd1a8,0x00000000c5e80000)
 Metaspace       used 20913K, capacity 21028K, committed 21296K, reserved 1067008K
  class space    used 2896K, capacity 2942K, committed 2944K, reserved 1048576K
Event: 120.914 GC heap after
Heap after GC invocations=12 (full 0):
 PSYoungGen      total 22528K, used 1828K [0x00000000eb600000, 0x00000000ecf80000, 0x0000000100000000)
  eden space 18944K, 0% used [0x00000000eb600000,0x00000000eb600000,0x00000000ec880000)
  from space 3584K, 51% used [0x00000000ecc00000,0x00000000ecdc9370,0x00000000ecf80000)
  to   space 3584K, 0% used [0x00000000ec880000,0x00000000ec880000,0x00000000ecc00000)
 ParOldGen       total 61952K, used 19699K [0x00000000c2200000, 0x00000000c5e80000, 0x00000000eb600000)
  object space 61952K, 31% used [0x00000000c2200000,0x00000000c353ce40,0x00000000c5e80000)
 Metaspace       used 20913K, capacity 21028K, committed 21296K, reserved 1067008K
  class space    used 2896K, capacity 2942K, committed 2944K, reserved 1048576K
}
Event: 120.914 GC heap before
{Heap before GC invocations=13 (full 1):
 PSYoungGen      total 22528K, used 1828K [0x00000000eb600000, 0x00000000ecf80000, 0x0000000100000000)
  eden space 18944K, 0% used [0x00000000eb600000,0x00000000eb600000,0x00000000ec880000)
  from space 3584K, 51% used [0x00000000ecc00000,0x00000000ecdc9370,0x00000000ecf80000)
  to   space 3584K, 0% used [0x00000000ec880000,0x00000000ec880000,0x00000000ecc00000)
 ParOldGen       total 61952K, used 19699K [0x00000000c2200000, 0x00000000c5e80000, 0x00000000eb600000)
  object space 61952K, 31% used [0x00000000c2200000,0x00000000c353ce40,0x00000000c5e80000)
 Metaspace       used 20913K, capacity 21028K, committed 21296K, reserved 1067008K
  class space    used 2896K, capacity 2942K, committed 2944K, reserved 1048576K
Event: 120.964 GC heap after
Heap after GC invocations=13 (full 1):
 PSYoungGen      total 22528K, used 0K [0x00000000eb600000, 0x00000000ecf80000, 0x0000000100000000)
  eden space 18944K, 0% used [0x00000000eb600000,0x00000000eb600000,0x00000000ec880000)
  from space 3584K, 0% used [0x00000000ecc00000,0x00000000ecc00000,0x00000000ecf80000)
  to   space 3584K, 0% used [0x00000000ec880000,0x00000000ec880000,0x00000000ecc00000)
 ParOldGen       total 23552K, used 17658K [0x00000000c2200000, 0x00000000c3900000, 0x00000000eb600000)
  object space 23552K, 74% used [0x00000000c2200000,0x00000000c333ebf0,0x00000000c3900000)
 Metaspace       used 20913K, capacity 21028K, committed 21296K, reserved 1067008K
  class space    used 2896K, capacity 2942K, committed 2944K, reserved 1048576K
}

