# JRE version: Java(TM) SE Runtime Environment (8.0_05-b13) (build 1.8.0_05-b13)
# Java VM: Java HotSpot(TM) 64-Bit Server VM (25.5-b02 mixed mode linux-amd64 compressed oops)
Heap:
 PSYoungGen      total 14336K, used 4289K [0x00000000eb600000, 0x00000000ece00000, 0x0000000100000000)
  eden space 10752K, 15% used [0x00000000eb600000,0x00000000eb7a4518,0x00000000ec080000)
  from space 3584K, 72% used [0x00000000ec080000,0x00000000ec30bfb8,0x00000000ec400000)
  to   space 3584K, 0% used [0x00000000eca80000,0x00000000eca80000,0x00000000ece00000)
 ParOldGen       total 61952K, used 15048K [0x00000000c2200000, 0x00000000c5e80000, 0x00000000eb600000)
  object space 61952K, 24% used [0x00000000c2200000,0x00000000c30b21a8,0x00000000c5e80000)
 Metaspace       used 20890K, capacity 20996K, committed 21248K, reserved 1067008K
  class space    used 2944K, capacity 2974K, committed 3072K, reserved 1048576K
GC Heap History (10 events):
Event: 0.562 GC heap before
{Heap before GC invocations=7 (full 0):
 PSYoungGen      total 5120K, used 4816K [0x00000000eb600000, 0x00000000ebc00000, 0x0000000100000000)
  eden space 4096K, 100% used [0x00000000eb600000,0x00000000eba00000,0x00000000eba00000)
  from space 1024K, 70% used [0x00000000ebb00000,0x00000000ebbb4020,0x00000000ebc00000)
  to   space 1024K, 0% used [0x00000000eba00000,0x00000000eba00000,0x00000000ebb00000)
 ParOldGen       total 61952K, used 3220K [0x00000000c2200000, 0x00000000c5e80000, 0x00000000eb600000)
  object space 61952K, 5% used [0x00000000c2200000,0x00000000c2525010,0x00000000c5e80000)
 Metaspace       used 8156K, capacity 8360K, committed 8576K, reserved 1056768K
  class space    used 1071K, capacity 1108K, committed 1152K, reserved 1048576K
Event: 0.565 GC heap after
Heap after GC invocations=7 (full 0):
 PSYoungGen      total 5120K, used 992K [0x00000000eb600000, 0x00000000ec100000, 0x0000000100000000)
  eden space 4096K, 0% used [0x00000000eb600000,0x00000000eb600000,0x00000000eba00000)
  from space 1024K, 96% used [0x00000000eba00000,0x00000000ebaf8020,0x00000000ebb00000)
  to   space 1536K, 0% used [0x00000000ebf80000,0x00000000ebf80000,0x00000000ec100000)
 ParOldGen       total 61952K, used 3656K [0x00000000c2200000, 0x00000000c5e80000, 0x00000000eb600000)
  object space 61952K, 5% used [0x00000000c2200000,0x00000000c2592090,0x00000000c5e80000)
 Metaspace       used 8156K, capacity 8360K, committed 8576K, reserved 1056768K
  class space    used 1071K, capacity 1108K, committed 1152K, reserved 1048576K
}
Event: 0.655 GC heap before
{Heap before GC invocations=8 (full 0):
 PSYoungGen      total 5120K, used 5088K [0x00000000eb600000, 0x00000000ec100000, 0x0000000100000000)
  eden space 4096K, 100% used [0x00000000eb600000,0x00000000eba00000,0x00000000eba00000)
  from space 1024K, 96% used [0x00000000eba00000,0x00000000ebaf8020,0x00000000ebb00000)
  to   space 1536K, 0% used [0x00000000ebf80000,0x00000000ebf80000,0x00000000ec100000)
 ParOldGen       total 61952K, used 3656K [0x00000000c2200000, 0x00000000c5e80000, 0x00000000eb600000)
  object space 61952K, 5% used [0x00000000c2200000,0x00000000c2592090,0x00000000c5e80000)
 Metaspace       used 9346K, capacity 9470K, committed 9600K, reserved 1056768K
  class space    used 1255K, capacity 1301K, committed 1408K, reserved 1048576K
Event: 0.660 GC heap after
Heap after GC invocations=8 (full 0):
 PSYoungGen      total 9216K, used 1536K [0x00000000eb600000, 0x00000000ec200000, 0x0000000100000000)
  eden space 7680K, 0% used [0x00000000eb600000,0x00000000eb600000,0x00000000ebd80000)
  from space 1536K, 100% used [0x00000000ebf80000,0x00000000ec100000,0x00000000ec100000)
  to   space 2048K, 0% used [0x00000000ebd80000,0x00000000ebd80000,0x00000000ebf80000)
 ParOldGen       total 61952K, used 4016K [0x00000000c2200000, 0x00000000c5e80000, 0x00000000eb600000)
  object space 61952K, 6% used [0x00000000c2200000,0x00000000c25ec0b0,0x00000000c5e80000)
 Metaspace       used 9346K, capacity 9470K, committed 9600K, reserved 1056768K
  class space    used 1255K, capacity 1301K, committed 1408K, reserved 1048576K
}
Event: 0.917 GC heap before
{Heap before GC invocations=9 (full 0):
 PSYoungGen      total 9216K, used 9216K [0x00000000eb600000, 0x00000000ec200000, 0x0000000100000000)
  eden space 7680K, 100% used [0x00000000eb600000,0x00000000ebd80000,0x00000000ebd80000)
  from space 1536K, 100% used [0x00000000ebf80000,0x00000000ec100000,0x00000000ec100000)
  to   space 2048K, 0% used [0x00000000ebd80000,0x00000000ebd80000,0x00000000ebf80000)
 ParOldGen       total 61952K, used 4016K [0x00000000c2200000, 0x00000000c5e80000, 0x00000000eb600000)
  object space 61952K, 6% used [0x00000000c2200000,0x00000000c25ec0b0,0x00000000c5e80000)
 Metaspace       used 12159K, capacity 12254K, committed 12288K, reserved 1060864K
  class space    used 1760K, capacity 1781K, committed 1792K, reserved 1048576K
Event: 0.921 GC heap after
Heap after GC invocations=9 (full 0):
 PSYoungGen      total 9728K, used 2048K [0x00000000eb600000, 0x00000000ec600000, 0x0000000100000000)
  eden space 7680K, 0% used [0x00000000eb600000,0x00000000eb600000,0x00000000ebd80000)
  from space 2048K, 100% used [0x00000000ebd80000,0x00000000ebf80000,0x00000000ebf80000)
  to   space 2048K, 0% used [0x00000000ec400000,0x00000000ec400000,0x00000000ec600000)
 ParOldGen       total 61952K, used 5104K [0x00000000c2200000, 0x00000000c5e80000, 0x00000000eb600000)
  object space 61952K, 8% used [0x00000000c2200000,0x00000000c26fc0c0,0x00000000c5e80000)
 Metaspace       used 12159K, capacity 12254K, committed 12288K, reserved 1060864K
  class space    used 1760K, capacity 1781K, committed 1792K, reserved 1048576K
}
Event: 1.118 GC heap before
{Heap before GC invocations=10 (full 0):
 PSYoungGen      total 9728K, used 8111K [0x00000000eb600000, 0x00000000ec600000, 0x0000000100000000)
  eden space 7680K, 78% used [0x00000000eb600000,0x00000000ebbebf78,0x00000000ebd80000)
  from space 2048K, 100% used [0x00000000ebd80000,0x00000000ebf80000,0x00000000ebf80000)
  to   space 2048K, 0% used [0x00000000ec400000,0x00000000ec400000,0x00000000ec600000)
 ParOldGen       total 61952K, used 8992K [0x00000000c2200000, 0x00000000c5e80000, 0x00000000eb600000)
  object space 61952K, 14% used [0x00000000c2200000,0x00000000c2ac80d0,0x00000000c5e80000)
 Metaspace       used 13400K, capacity 13502K, committed 13696K, reserved 1060864K
  class space    used 2030K, capacity 2069K, committed 2176K, reserved 1048576K
Event: 1.123 GC heap after
Heap after GC invocations=10 (full 0):
 PSYoungGen      total 12800K, used 2035K [0x00000000eb600000, 0x00000000ec900000, 0x0000000100000000)
  eden space 10752K, 0% used [0x00000000eb600000,0x00000000eb600000,0x00000000ec080000)
  from space 2048K, 99% used [0x00000000ec400000,0x00000000ec5fcc10,0x00000000ec600000)
  to   space 3584K, 0% used [0x00000000ec080000,0x00000000ec080000,0x00000000ec400000)
 ParOldGen       total 61952K, used 11130K [0x00000000c2200000, 0x00000000c5e80000, 0x00000000eb600000)
  object space 61952K, 17% used [0x00000000c2200000,0x00000000c2cde988,0x00000000c5e80000)
 Metaspace       used 13400K, capacity 13502K, committed 13696K, reserved 1060864K
  class space    used 2030K, capacity 2069K, committed 2176K, reserved 1048576K
}
Event: 8.179 GC heap before
{Heap before GC invocations=11 (full 0):
 PSYoungGen      total 12800K, used 12787K [0x00000000eb600000, 0x00000000ec900000, 0x0000000100000000)
  eden space 10752K, 100% used [0x00000000eb600000,0x00000000ec080000,0x00000000ec080000)
  from space 2048K, 99% used [0x00000000ec400000,0x00000000ec5fcc10,0x00000000ec600000)
  to   space 3584K, 0% used [0x00000000ec080000,0x00000000ec080000,0x00000000ec400000)
 ParOldGen       total 61952K, used 11130K [0x00000000c2200000, 0x00000000c5e80000, 0x00000000eb600000)
  object space 61952K, 17% used [0x00000000c2200000,0x00000000c2cde988,0x00000000c5e80000)
 Metaspace       used 20808K, capacity 20932K, committed 21248K, reserved 1067008K
  class space    used 2926K, capacity 2974K, committed 3072K, reserved 1048576K
Event: 8.190 GC heap after
Heap after GC invocations=11 (full 0):
 PSYoungGen      total 14336K, used 2607K [0x00000000eb600000, 0x00000000ece00000, 0x0000000100000000)
  eden space 10752K, 0% used [0x00000000eb600000,0x00000000eb600000,0x00000000ec080000)
  from space 3584K, 72% used [0x00000000ec080000,0x00000000ec30bfb8,0x00000000ec400000)
  to   space 3584K, 0% used [0x00000000eca80000,0x00000000eca80000,0x00000000ece00000)
 ParOldGen       total 61952K, used 15048K [0x00000000c2200000, 0x00000000c5e80000, 0x00000000eb600000)
  object space 61952K, 24% used [0x00000000c2200000,0x00000000c30b21a8,0x00000000c5e80000)
 Metaspace       used 20808K, capacity 20932K, committed 21248K, reserved 1067008K
  class space    used 2926K, capacity 2974K, committed 3072K, reserved 1048576K
}

