# JRE version: Java(TM) SE Runtime Environment (8.0_05-b13) (build 1.8.0_05-b13)
# Java VM: Java HotSpot(TM) 64-Bit Server VM (25.5-b02 mixed mode linux-amd64 compressed oops)
Heap:
 PSYoungGen      total 72192K, used 38169K [0x00000000eb600000, 0x00000000f3600000, 0x0000000100000000)
  eden space 63488K, 46% used [0x00000000eb600000,0x00000000ed2d6f90,0x00000000ef400000)
  from space 8704K, 99% used [0x00000000ef400000,0x00000000efc6f550,0x00000000efc80000)
  to   space 25088K, 0% used [0x00000000f1d80000,0x00000000f1d80000,0x00000000f3600000)
 ParOldGen       total 93696K, used 70621K [0x00000000c2200000, 0x00000000c7d80000, 0x00000000eb600000)
  object space 93696K, 75% used [0x00000000c2200000,0x00000000c66f7488,0x00000000c7d80000)
 Metaspace       used 28483K, capacity 28718K, committed 29056K, reserved 1075200K
  class space    used 3812K, capacity 3862K, committed 3968K, reserved 1048576K
GC Heap History (10 events):
Event: 8.730 GC heap before
{Heap before GC invocations=23 (full 2):
 PSYoungGen      total 56320K, used 51209K [0x00000000eb600000, 0x00000000ef200000, 0x0000000100000000)
  eden space 51200K, 99% used [0x00000000eb600000,0x00000000ee7d9510,0x00000000ee800000)
  from space 5120K, 3% used [0x00000000eed00000,0x00000000eed29278,0x00000000ef200000)
  to   space 5120K, 0% used [0x00000000ee800000,0x00000000ee800000,0x00000000eed00000)
 ParOldGen       total 36352K, used 29697K [0x00000000c2200000, 0x00000000c4580000, 0x00000000eb600000)
  object space 36352K, 81% used [0x00000000c2200000,0x00000000c3f00438,0x00000000c4580000)
 Metaspace       used 26436K, capacity 26666K, committed 26752K, reserved 1073152K
  class space    used 3637K, capacity 3696K, committed 3712K, reserved 1048576K
Event: 8.731 GC heap after
Heap after GC invocations=23 (full 2):
 PSYoungGen      total 56320K, used 217K [0x00000000eb600000, 0x00000000f0180000, 0x0000000100000000)
  eden space 51200K, 0% used [0x00000000eb600000,0x00000000eb600000,0x00000000ee800000)
  from space 5120K, 4% used [0x00000000ee800000,0x00000000ee836450,0x00000000eed00000)
  to   space 5120K, 0% used [0x00000000efc80000,0x00000000efc80000,0x00000000f0180000)
 ParOldGen       total 36352K, used 29697K [0x00000000c2200000, 0x00000000c4580000, 0x00000000eb600000)
  object space 36352K, 81% used [0x00000000c2200000,0x00000000c3f00438,0x00000000c4580000)
 Metaspace       used 26436K, capacity 26666K, committed 26752K, reserved 1073152K
  class space    used 3637K, capacity 3696K, committed 3712K, reserved 1048576K
}
Event: 9.217 GC heap before
{Heap before GC invocations=24 (full 2):
 PSYoungGen      total 56320K, used 51206K [0x00000000eb600000, 0x00000000f0180000, 0x0000000100000000)
  eden space 51200K, 99% used [0x00000000eb600000,0x00000000ee7cb650,0x00000000ee800000)
  from space 5120K, 4% used [0x00000000ee800000,0x00000000ee836450,0x00000000eed00000)
  to   space 5120K, 0% used [0x00000000efc80000,0x00000000efc80000,0x00000000f0180000)
 ParOldGen       total 36352K, used 29697K [0x00000000c2200000, 0x00000000c4580000, 0x00000000eb600000)
  object space 36352K, 81% used [0x00000000c2200000,0x00000000c3f00438,0x00000000c4580000)
 Metaspace       used 27601K, capacity 27810K, committed 28032K, reserved 1073152K
  class space    used 3781K, capacity 3860K, committed 3968K, reserved 1048576K
Event: 9.224 GC heap after
Heap after GC invocations=24 (full 2):
 PSYoungGen      total 68608K, used 5101K [0x00000000eb600000, 0x00000000f0780000, 0x0000000100000000)
  eden space 63488K, 0% used [0x00000000eb600000,0x00000000eb600000,0x00000000ef400000)
  from space 5120K, 99% used [0x00000000efc80000,0x00000000f017b530,0x00000000f0180000)
  to   space 8704K, 0% used [0x00000000ef400000,0x00000000ef400000,0x00000000efc80000)
 ParOldGen       total 36864K, used 36638K [0x00000000c2200000, 0x00000000c4600000, 0x00000000eb600000)
  object space 36864K, 99% used [0x00000000c2200000,0x00000000c45c78b0,0x00000000c4600000)
 Metaspace       used 27601K, capacity 27810K, committed 28032K, reserved 1073152K
  class space    used 3781K, capacity 3860K, committed 3968K, reserved 1048576K
}
Event: 9.224 GC heap before
{Heap before GC invocations=25 (full 3):
 PSYoungGen      total 68608K, used 5101K [0x00000000eb600000, 0x00000000f0780000, 0x0000000100000000)
  eden space 63488K, 0% used [0x00000000eb600000,0x00000000eb600000,0x00000000ef400000)
  from space 5120K, 99% used [0x00000000efc80000,0x00000000f017b530,0x00000000f0180000)
  to   space 8704K, 0% used [0x00000000ef400000,0x00000000ef400000,0x00000000efc80000)
 ParOldGen       total 36864K, used 36638K [0x00000000c2200000, 0x00000000c4600000, 0x00000000eb600000)
  object space 36864K, 99% used [0x00000000c2200000,0x00000000c45c78b0,0x00000000c4600000)
 Metaspace       used 27601K, capacity 27810K, committed 28032K, reserved 1073152K
  class space    used 3781K, capacity 3860K, committed 3968K, reserved 1048576K
Event: 9.283 GC heap after
Heap after GC invocations=25 (full 3):
 PSYoungGen      total 68608K, used 0K [0x00000000eb600000, 0x00000000f0780000, 0x0000000100000000)
  eden space 63488K, 0% used [0x00000000eb600000,0x00000000eb600000,0x00000000ef400000)
  from space 5120K, 0% used [0x00000000efc80000,0x00000000efc80000,0x00000000f0180000)
  to   space 8704K, 0% used [0x00000000ef400000,0x00000000ef400000,0x00000000efc80000)
 ParOldGen       total 44032K, used 35304K [0x00000000c2200000, 0x00000000c4d00000, 0x00000000eb600000)
  object space 44032K, 80% used [0x00000000c2200000,0x00000000c447a350,0x00000000c4d00000)
 Metaspace       used 27601K, capacity 27810K, committed 28032K, reserved 1073152K
  class space    used 3781K, capacity 3860K, committed 3968K, reserved 1048576K
}
Event: 54.985 GC heap before
{Heap before GC invocations=26 (full 3):
 PSYoungGen      total 68608K, used 63488K [0x00000000eb600000, 0x00000000f0780000, 0x0000000100000000)
  eden space 63488K, 100% used [0x00000000eb600000,0x00000000ef400000,0x00000000ef400000)
  from space 5120K, 0% used [0x00000000efc80000,0x00000000efc80000,0x00000000f0180000)
  to   space 8704K, 0% used [0x00000000ef400000,0x00000000ef400000,0x00000000efc80000)
 ParOldGen       total 44032K, used 35304K [0x00000000c2200000, 0x00000000c4d00000, 0x00000000eb600000)
  object space 44032K, 80% used [0x00000000c2200000,0x00000000c447a350,0x00000000c4d00000)
 Metaspace       used 28179K, capacity 28392K, committed 28800K, reserved 1075200K
  class space    used 3807K, capacity 3861K, committed 3968K, reserved 1048576K
Event: 55.020 GC heap after
Heap after GC invocations=26 (full 3):
 PSYoungGen      total 72192K, used 8688K [0x00000000eb600000, 0x00000000f3600000, 0x0000000100000000)
  eden space 63488K, 0% used [0x00000000eb600000,0x00000000eb600000,0x00000000ef400000)
  from space 8704K, 99% used [0x00000000ef400000,0x00000000efc7c148,0x00000000efc80000)
  to   space 25088K, 0% used [0x00000000f1d80000,0x00000000f1d80000,0x00000000f3600000)
 ParOldGen       total 75264K, used 74946K [0x00000000c2200000, 0x00000000c6b80000, 0x00000000eb600000)
  object space 75264K, 99% used [0x00000000c2200000,0x00000000c6b30b60,0x00000000c6b80000)
 Metaspace       used 28179K, capacity 28392K, committed 28800K, reserved 1075200K
  class space    used 3807K, capacity 3861K, committed 3968K, reserved 1048576K
}
Event: 55.020 GC heap before
{Heap before GC invocations=27 (full 4):
 PSYoungGen      total 72192K, used 8688K [0x00000000eb600000, 0x00000000f3600000, 0x0000000100000000)
  eden space 63488K, 0% used [0x00000000eb600000,0x00000000eb600000,0x00000000ef400000)
  from space 8704K, 99% used [0x00000000ef400000,0x00000000efc7c148,0x00000000efc80000)
  to   space 25088K, 0% used [0x00000000f1d80000,0x00000000f1d80000,0x00000000f3600000)
 ParOldGen       total 75264K, used 74946K [0x00000000c2200000, 0x00000000c6b80000, 0x00000000eb600000)
  object space 75264K, 99% used [0x00000000c2200000,0x00000000c6b30b60,0x00000000c6b80000)
 Metaspace       used 28179K, capacity 28392K, committed 28800K, reserved 1075200K
  class space    used 3807K, capacity 3861K, committed 3968K, reserved 1048576K
Event: 55.083 GC heap after
Heap after GC invocations=27 (full 4):
 PSYoungGen      total 72192K, used 8637K [0x00000000eb600000, 0x00000000f3600000, 0x0000000100000000)
  eden space 63488K, 0% used [0x00000000eb600000,0x00000000eb600000,0x00000000ef400000)
  from space 8704K, 99% used [0x00000000ef400000,0x00000000efc6f550,0x00000000efc80000)
  to   space 25088K, 0% used [0x00000000f1d80000,0x00000000f1d80000,0x00000000f3600000)
 ParOldGen       total 93696K, used 70621K [0x00000000c2200000, 0x00000000c7d80000, 0x00000000eb600000)
  object space 93696K, 75% used [0x00000000c2200000,0x00000000c66f7488,0x00000000c7d80000)
 Metaspace       used 28179K, capacity 28392K, committed 28800K, reserved 1075200K
  class space    used 3807K, capacity 3861K, committed 3968K, reserved 1048576K
}

