# JRE version: Java(TM) SE Runtime Environment (8.0_05-b13) (build 1.8.0_05-b13)
# Java VM: Java HotSpot(TM) 64-Bit Server VM (25.5-b02 mixed mode linux-amd64 compressed oops)
Heap:
 def new generation   total 1152K, used 563K [0x00000000e0a00000, 0x00000000e0b40000, 0x00000000eb150000)
  eden space 1024K,  42% used [0x00000000e0a00000, 0x00000000e0a6ce28, 0x00000000e0b00000)
  from space 128K, 100% used [0x00000000e0b20000, 0x00000000e0b40000, 0x00000000e0b40000)
  to   space 128K,   0% used [0x00000000e0b00000, 0x00000000e0b00000, 0x00000000e0b20000)
 tenured generation   total 31488K, used 19426K [0x00000000eb150000, 0x00000000ed010000, 0x0000000100000000)
   the space 31488K,  61% used [0x00000000eb150000, 0x00000000ec448940, 0x00000000ec448a00, 0x00000000ed010000)
 Metaspace       used 20816K, capacity 20996K, committed 21248K, reserved 1067008K
  class space    used 2933K, capacity 2974K, committed 3072K, reserved 1048576K
GC Heap History (10 events):
Event: 7.375 GC heap before
{Heap before GC invocations=28 (full 0):
 def new generation   total 1152K, used 1152K [0x00000000e0a00000, 0x00000000e0b40000, 0x00000000eb150000)
  eden space 1024K, 100% used [0x00000000e0a00000, 0x00000000e0b00000, 0x00000000e0b00000)
  from space 128K, 100% used [0x00000000e0b00000, 0x00000000e0b20000, 0x00000000e0b20000)
  to   space 128K,   0% used [0x00000000e0b20000, 0x00000000e0b20000, 0x00000000e0b40000)
 tenured generation   total 31488K, used 16903K [0x00000000eb150000, 0x00000000ed010000, 0x0000000100000000)
   the space 31488K,  53% used [0x00000000eb150000, 0x00000000ec1d1c00, 0x00000000ec1d1c00, 0x00000000ed010000)
 Metaspace       used 20404K, capacity 20536K, committed 20608K, reserved 1067008K
  class space    used 2852K, capacity 2908K, committed 2944K, reserved 1048576K
Event: 7.377 GC heap after
Heap after GC invocations=29 (full 0):
 def new generation   total 1152K, used 128K [0x00000000e0a00000, 0x00000000e0b40000, 0x00000000eb150000)
  eden space 1024K,   0% used [0x00000000e0a00000, 0x00000000e0a00000, 0x00000000e0b00000)
  from space 128K, 100% used [0x00000000e0b20000, 0x00000000e0b40000, 0x00000000e0b40000)
  to   space 128K,   0% used [0x00000000e0b00000, 0x00000000e0b00000, 0x00000000e0b20000)
 tenured generation   total 31488K, used 17124K [0x00000000eb150000, 0x00000000ed010000, 0x0000000100000000)
   the space 31488K,  54% used [0x00000000eb150000, 0x00000000ec209050, 0x00000000ec209200, 0x00000000ed010000)
 Metaspace       used 20404K, capacity 20536K, committed 20608K, reserved 1067008K
  class space    used 2852K, capacity 2908K, committed 2944K, reserved 1048576K
}
Event: 7.392 GC heap before
{Heap before GC invocations=29 (full 0):
 def new generation   total 1152K, used 1152K [0x00000000e0a00000, 0x00000000e0b40000, 0x00000000eb150000)
  eden space 1024K, 100% used [0x00000000e0a00000, 0x00000000e0b00000, 0x00000000e0b00000)
  from space 128K, 100% used [0x00000000e0b20000, 0x00000000e0b40000, 0x00000000e0b40000)
  to   space 128K,   0% used [0x00000000e0b00000, 0x00000000e0b00000, 0x00000000e0b20000)
 tenured generation   total 31488K, used 17124K [0x00000000eb150000, 0x00000000ed010000, 0x0000000100000000)
   the space 31488K,  54% used [0x00000000eb150000, 0x00000000ec209050, 0x00000000ec209200, 0x00000000ed010000)
 Metaspace       used 20405K, capacity 20536K, committed 20608K, reserved 1067008K
  class space    used 2852K, capacity 2908K, committed 2944K, reserved 1048576K
Event: 7.393 GC heap after
Heap after GC invocations=30 (full 0):
 def new generation   total 1152K, used 40K [0x00000000e0a00000, 0x00000000e0b40000, 0x00000000eb150000)
  eden space 1024K,   0% used [0x00000000e0a00000, 0x00000000e0a00000, 0x00000000e0b00000)
  from space 128K,  31% used [0x00000000e0b00000, 0x00000000e0b0a188, 0x00000000e0b20000)
  to   space 128K,   0% used [0x00000000e0b20000, 0x00000000e0b20000, 0x00000000e0b40000)
 tenured generation   total 31488K, used 18129K [0x00000000eb150000, 0x00000000ed010000, 0x0000000100000000)
   the space 31488K,  57% used [0x00000000eb150000, 0x00000000ec304718, 0x00000000ec304800, 0x00000000ed010000)
 Metaspace       used 20405K, capacity 20536K, committed 20608K, reserved 1067008K
  class space    used 2852K, capacity 2908K, committed 2944K, reserved 1048576K
}
Event: 7.423 GC heap before
{Heap before GC invocations=30 (full 0):
 def new generation   total 1152K, used 1064K [0x00000000e0a00000, 0x00000000e0b40000, 0x00000000eb150000)
  eden space 1024K, 100% used [0x00000000e0a00000, 0x00000000e0b00000, 0x00000000e0b00000)
  from space 128K,  31% used [0x00000000e0b00000, 0x00000000e0b0a188, 0x00000000e0b20000)
  to   space 128K,   0% used [0x00000000e0b20000, 0x00000000e0b20000, 0x00000000e0b40000)
 tenured generation   total 31488K, used 18129K [0x00000000eb150000, 0x00000000ed010000, 0x0000000100000000)
   the space 31488K,  57% used [0x00000000eb150000, 0x00000000ec304718, 0x00000000ec304800, 0x00000000ed010000)
 Metaspace       used 20435K, capacity 20548K, committed 20864K, reserved 1067008K
  class space    used 2857K, capacity 2910K, committed 2944K, reserved 1048576K
Event: 7.424 GC heap after
Heap after GC invocations=31 (full 0):
 def new generation   total 1152K, used 49K [0x00000000e0a00000, 0x00000000e0b40000, 0x00000000eb150000)
  eden space 1024K,   0% used [0x00000000e0a00000, 0x00000000e0a00000, 0x00000000e0b00000)
  from space 128K,  38% used [0x00000000e0b20000, 0x00000000e0b2c720, 0x00000000e0b40000)
  to   space 128K,   0% used [0x00000000e0b00000, 0x00000000e0b00000, 0x00000000e0b20000)
 tenured generation   total 31488K, used 18129K [0x00000000eb150000, 0x00000000ed010000, 0x0000000100000000)
   the space 31488K,  57% used [0x00000000eb150000, 0x00000000ec304718, 0x00000000ec304800, 0x00000000ed010000)
 Metaspace       used 20435K, capacity 20548K, committed 20864K, reserved 1067008K
  class space    used 2857K, capacity 2910K, committed 2944K, reserved 1048576K
}
Event: 7.477 GC heap before
{Heap before GC invocations=31 (full 0):
 def new generation   total 1152K, used 1073K [0x00000000e0a00000, 0x00000000e0b40000, 0x00000000eb150000)
  eden space 1024K, 100% used [0x00000000e0a00000, 0x00000000e0b00000, 0x00000000e0b00000)
  from space 128K,  38% used [0x00000000e0b20000, 0x00000000e0b2c720, 0x00000000e0b40000)
  to   space 128K,   0% used [0x00000000e0b00000, 0x00000000e0b00000, 0x00000000e0b20000)
 tenured generation   total 31488K, used 18129K [0x00000000eb150000, 0x00000000ed010000, 0x0000000100000000)
   the space 31488K,  57% used [0x00000000eb150000, 0x00000000ec304718, 0x00000000ec304800, 0x00000000ed010000)
 Metaspace       used 20487K, capacity 20612K, committed 20864K, reserved 1067008K
  class space    used 2866K, capacity 2910K, committed 2944K, reserved 1048576K
Event: 7.478 GC heap after
Heap after GC invocations=32 (full 0):
 def new generation   total 1152K, used 128K [0x00000000e0a00000, 0x00000000e0b40000, 0x00000000eb150000)
  eden space 1024K,   0% used [0x00000000e0a00000, 0x00000000e0a00000, 0x00000000e0b00000)
  from space 128K, 100% used [0x00000000e0b00000, 0x00000000e0b20000, 0x00000000e0b20000)
  to   space 128K,   0% used [0x00000000e0b20000, 0x00000000e0b20000, 0x00000000e0b40000)
 tenured generation   total 31488K, used 18203K [0x00000000eb150000, 0x00000000ed010000, 0x0000000100000000)
   the space 31488K,  57% used [0x00000000eb150000, 0x00000000ec316f88, 0x00000000ec317000, 0x00000000ed010000)
 Metaspace       used 20487K, capacity 20612K, committed 20864K, reserved 1067008K
  class space    used 2866K, capacity 2910K, committed 2944K, reserved 1048576K
}
Event: 7.598 GC heap before
{Heap before GC invocations=32 (full 0):
 def new generation   total 1152K, used 1150K [0x00000000e0a00000, 0x00000000e0b40000, 0x00000000eb150000)
  eden space 1024K,  99% used [0x00000000e0a00000, 0x00000000e0aff8b0, 0x00000000e0b00000)
  from space 128K, 100% used [0x00000000e0b00000, 0x00000000e0b20000, 0x00000000e0b20000)
  to   space 128K,   0% used [0x00000000e0b20000, 0x00000000e0b20000, 0x00000000e0b40000)
 tenured generation   total 31488K, used 18203K [0x00000000eb150000, 0x00000000ed010000, 0x0000000100000000)
   the space 31488K,  57% used [0x00000000eb150000, 0x00000000ec316f88, 0x00000000ec317000, 0x00000000ed010000)
 Metaspace       used 20771K, capacity 20932K, committed 21248K, reserved 1067008K
  class space    used 2924K, capacity 2974K, committed 3072K, reserved 1048576K
Event: 7.600 GC heap after
Heap after GC invocations=33 (full 0):
 def new generation   total 1152K, used 128K [0x00000000e0a00000, 0x00000000e0b40000, 0x00000000eb150000)
  eden space 1024K,   0% used [0x00000000e0a00000, 0x00000000e0a00000, 0x00000000e0b00000)
  from space 128K, 100% used [0x00000000e0b20000, 0x00000000e0b40000, 0x00000000e0b40000)
  to   space 128K,   0% used [0x00000000e0b00000, 0x00000000e0b00000, 0x00000000e0b20000)
 tenured generation   total 31488K, used 18402K [0x00000000eb150000, 0x00000000ed010000, 0x0000000100000000)
   the space 31488K,  58% used [0x00000000eb150000, 0x00000000ec348930, 0x00000000ec348a00, 0x00000000ed010000)
 Metaspace       used 20771K, capacity 20932K, committed 21248K, reserved 1067008K
  class space    used 2924K, capacity 2974K, committed 3072K, reserved 1048576K
}

