# JRE version: Java(TM) SE Runtime Environment (8.0_05-b13) (build 1.8.0_05-b13)
# Java VM: Java HotSpot(TM) 64-Bit Server VM (25.5-b02 mixed mode linux-amd64 compressed oops)
Heap:
 PSYoungGen      total 48640K, used 23268K [0x00000000eb600000, 0x00000000efe00000, 0x0000000100000000)
  eden space 32256K, 72% used [0x00000000eb600000,0x00000000eccb92c0,0x00000000ed580000)
  from space 16384K, 0% used [0x00000000ed580000,0x00000000ed580000,0x00000000ee580000)
  to   space 19456K, 0% used [0x00000000eeb00000,0x00000000eeb00000,0x00000000efe00000)
 ParOldGen       total 111104K, used 77760K [0x00000000c2200000, 0x00000000c8e80000, 0x00000000eb600000)
  object space 111104K, 69% used [0x00000000c2200000,0x00000000c6df02d8,0x00000000c8e80000)
 Metaspace       used 28527K, capacity 28718K, committed 29056K, reserved 1075200K
  class space    used 3824K, capacity 3862K, committed 3968K, reserved 1048576K
GC Heap History (10 events):
Event: 10.188 GC heap before
{Heap before GC invocations=26 (full 5):
 PSYoungGen      total 45056K, used 41204K [0x00000000eb600000, 0x00000000ee680000, 0x0000000100000000)
  eden space 40960K, 100% used [0x00000000eb600000,0x00000000ede00000,0x00000000ede00000)
  from space 4096K, 5% used [0x00000000ee200000,0x00000000ee23d058,0x00000000ee600000)
  to   space 4096K, 0% used [0x00000000ede00000,0x00000000ede00000,0x00000000ee200000)
 ParOldGen       total 53248K, used 35059K [0x00000000c2200000, 0x00000000c5600000, 0x00000000eb600000)
  object space 53248K, 65% used [0x00000000c2200000,0x00000000c443ce98,0x00000000c5600000)
 Metaspace       used 27143K, capacity 27318K, committed 27648K, reserved 1073152K
  class space    used 3711K, capacity 3762K, committed 3840K, reserved 1048576K
Event: 10.192 GC heap after
Heap after GC invocations=26 (full 5):
 PSYoungGen      total 45056K, used 2285K [0x00000000eb600000, 0x00000000ee980000, 0x0000000100000000)
  eden space 40960K, 0% used [0x00000000eb600000,0x00000000eb600000,0x00000000ede00000)
  from space 4096K, 55% used [0x00000000ede00000,0x00000000ee03b4b0,0x00000000ee200000)
  to   space 4096K, 0% used [0x00000000ee580000,0x00000000ee580000,0x00000000ee980000)
 ParOldGen       total 53248K, used 35067K [0x00000000c2200000, 0x00000000c5600000, 0x00000000eb600000)
  object space 53248K, 65% used [0x00000000c2200000,0x00000000c443ee98,0x00000000c5600000)
 Metaspace       used 27143K, capacity 27318K, committed 27648K, reserved 1073152K
  class space    used 3711K, capacity 3762K, committed 3840K, reserved 1048576K
}
Event: 17.772 GC heap before
{Heap before GC invocations=27 (full 5):
 PSYoungGen      total 45056K, used 42520K [0x00000000eb600000, 0x00000000ee980000, 0x0000000100000000)
  eden space 40960K, 98% used [0x00000000eb600000,0x00000000edd4add0,0x00000000ede00000)
  from space 4096K, 55% used [0x00000000ede00000,0x00000000ee03b4b0,0x00000000ee200000)
  to   space 4096K, 0% used [0x00000000ee580000,0x00000000ee580000,0x00000000ee980000)
 ParOldGen       total 53248K, used 35067K [0x00000000c2200000, 0x00000000c5600000, 0x00000000eb600000)
  object space 53248K, 65% used [0x00000000c2200000,0x00000000c443ee98,0x00000000c5600000)
 Metaspace       used 28128K, capacity 28328K, committed 28544K, reserved 1073152K
  class space    used 3817K, capacity 3861K, committed 3968K, reserved 1048576K
Event: 17.786 GC heap after
Heap after GC invocations=27 (full 5):
 PSYoungGen      total 36352K, used 4092K [0x00000000eb600000, 0x00000000f0100000, 0x0000000100000000)
  eden space 32256K, 0% used [0x00000000eb600000,0x00000000eb600000,0x00000000ed580000)
  from space 4096K, 99% used [0x00000000ee580000,0x00000000ee97f288,0x00000000ee980000)
  to   space 16384K, 0% used [0x00000000ed580000,0x00000000ed580000,0x00000000ee580000)
 ParOldGen       total 67072K, used 66315K [0x00000000c2200000, 0x00000000c6380000, 0x00000000eb600000)
  object space 67072K, 98% used [0x00000000c2200000,0x00000000c62c2ea8,0x00000000c6380000)
 Metaspace       used 28128K, capacity 28328K, committed 28544K, reserved 1073152K
  class space    used 3817K, capacity 3861K, committed 3968K, reserved 1048576K
}
Event: 17.786 GC heap before
{Heap before GC invocations=28 (full 6):
 PSYoungGen      total 36352K, used 4092K [0x00000000eb600000, 0x00000000f0100000, 0x0000000100000000)
  eden space 32256K, 0% used [0x00000000eb600000,0x00000000eb600000,0x00000000ed580000)
  from space 4096K, 99% used [0x00000000ee580000,0x00000000ee97f288,0x00000000ee980000)
  to   space 16384K, 0% used [0x00000000ed580000,0x00000000ed580000,0x00000000ee580000)
 ParOldGen       total 67072K, used 66315K [0x00000000c2200000, 0x00000000c6380000, 0x00000000eb600000)
  object space 67072K, 98% used [0x00000000c2200000,0x00000000c62c2ea8,0x00000000c6380000)
 Metaspace       used 28128K, capacity 28328K, committed 28544K, reserved 1073152K
  class space    used 3817K, capacity 3861K, committed 3968K, reserved 1048576K
Event: 17.835 GC heap after
Heap after GC invocations=28 (full 6):
 PSYoungGen      total 36352K, used 0K [0x00000000eb600000, 0x00000000f0100000, 0x0000000100000000)
  eden space 32256K, 0% used [0x00000000eb600000,0x00000000eb600000,0x00000000ed580000)
  from space 4096K, 0% used [0x00000000ee580000,0x00000000ee580000,0x00000000ee980000)
  to   space 16384K, 0% used [0x00000000ed580000,0x00000000ed580000,0x00000000ee580000)
 ParOldGen       total 90112K, used 60902K [0x00000000c2200000, 0x00000000c7a00000, 0x00000000eb600000)
  object space 90112K, 67% used [0x00000000c2200000,0x00000000c5d79a90,0x00000000c7a00000)
 Metaspace       used 28128K, capacity 28328K, committed 28544K, reserved 1073152K
  class space    used 3817K, capacity 3861K, committed 3968K, reserved 1048576K
}
Event: 23.528 GC heap before
{Heap before GC invocations=29 (full 6):
 PSYoungGen      total 36352K, used 31488K [0x00000000eb600000, 0x00000000f0100000, 0x0000000100000000)
  eden space 32256K, 97% used [0x00000000eb600000,0x00000000ed4c0030,0x00000000ed580000)
  from space 4096K, 0% used [0x00000000ee580000,0x00000000ee580000,0x00000000ee980000)
  to   space 16384K, 0% used [0x00000000ed580000,0x00000000ed580000,0x00000000ee580000)
 ParOldGen       total 90112K, used 60902K [0x00000000c2200000, 0x00000000c7a00000, 0x00000000eb600000)
  object space 90112K, 67% used [0x00000000c2200000,0x00000000c5d79a90,0x00000000c7a00000)
 Metaspace       used 28286K, capacity 28456K, committed 28800K, reserved 1075200K
  class space    used 3821K, capacity 3861K, committed 3968K, reserved 1048576K
Event: 23.533 GC heap after
Heap after GC invocations=29 (full 6):
 PSYoungGen      total 48640K, used 16149K [0x00000000eb600000, 0x00000000efe00000, 0x0000000100000000)
  eden space 32256K, 0% used [0x00000000eb600000,0x00000000eb600000,0x00000000ed580000)
  from space 16384K, 98% used [0x00000000ed580000,0x00000000ee5457f8,0x00000000ee580000)
  to   space 19456K, 0% used [0x00000000eeb00000,0x00000000eeb00000,0x00000000efe00000)
 ParOldGen       total 90112K, used 74004K [0x00000000c2200000, 0x00000000c7a00000, 0x00000000eb600000)
  object space 90112K, 82% used [0x00000000c2200000,0x00000000c6a452f0,0x00000000c7a00000)
 Metaspace       used 28286K, capacity 28456K, committed 28800K, reserved 1075200K
  class space    used 3821K, capacity 3861K, committed 3968K, reserved 1048576K
}
Event: 23.534 GC heap before
{Heap before GC invocations=30 (full 7):
 PSYoungGen      total 48640K, used 16149K [0x00000000eb600000, 0x00000000efe00000, 0x0000000100000000)
  eden space 32256K, 0% used [0x00000000eb600000,0x00000000eb600000,0x00000000ed580000)
  from space 16384K, 98% used [0x00000000ed580000,0x00000000ee5457f8,0x00000000ee580000)
  to   space 19456K, 0% used [0x00000000eeb00000,0x00000000eeb00000,0x00000000efe00000)
 ParOldGen       total 90112K, used 74004K [0x00000000c2200000, 0x00000000c7a00000, 0x00000000eb600000)
  object space 90112K, 82% used [0x00000000c2200000,0x00000000c6a452f0,0x00000000c7a00000)
 Metaspace       used 28286K, capacity 28456K, committed 28800K, reserved 1075200K
  class space    used 3821K, capacity 3861K, committed 3968K, reserved 1048576K
Event: 23.570 GC heap after
Heap after GC invocations=30 (full 7):
 PSYoungGen      total 48640K, used 0K [0x00000000eb600000, 0x00000000efe00000, 0x0000000100000000)
  eden space 32256K, 0% used [0x00000000eb600000,0x00000000eb600000,0x00000000ed580000)
  from space 16384K, 0% used [0x00000000ed580000,0x00000000ed580000,0x00000000ee580000)
  to   space 19456K, 0% used [0x00000000eeb00000,0x00000000eeb00000,0x00000000efe00000)
 ParOldGen       total 111104K, used 77760K [0x00000000c2200000, 0x00000000c8e80000, 0x00000000eb600000)
  object space 111104K, 69% used [0x00000000c2200000,0x00000000c6df02d8,0x00000000c8e80000)
 Metaspace       used 28286K, capacity 28456K, committed 28800K, reserved 1075200K
  class space    used 3821K, capacity 3861K, committed 3968K, reserved 1048576K
}

