# JRE version: Java(TM) SE Runtime Environment (8.0_05-b13) (build 1.8.0_05-b13)
# Java VM: Java HotSpot(TM) 64-Bit Server VM (25.5-b02 mixed mode linux-amd64 compressed oops)
Heap:
 PSYoungGen      total 83968K, used 20144K [0x00000000eb600000, 0x00000000f3680000, 0x0000000100000000)
  eden space 74752K, 17% used [0x00000000eb600000,0x00000000ec2f82d0,0x00000000eff00000)
  from space 9216K, 74% used [0x00000000f1480000,0x00000000f1b33df8,0x00000000f1d80000)
  to   space 22016K, 0% used [0x00000000eff00000,0x00000000eff00000,0x00000000f1480000)
 ParOldGen       total 85504K, used 63414K [0x00000000c2200000, 0x00000000c7580000, 0x00000000eb600000)
  object space 85504K, 74% used [0x00000000c2200000,0x00000000c5fedba0,0x00000000c7580000)
 Metaspace       used 28414K, capacity 28590K, committed 29056K, reserved 1075200K
  class space    used 3813K, capacity 3862K, committed 3968K, reserved 1048576K
GC Heap History (10 events):
Event: 11.707 GC heap before
{Heap before GC invocations=23 (full 3):
 PSYoungGen      total 56832K, used 50877K [0x00000000eb600000, 0x00000000f0380000, 0x0000000100000000)
  eden space 50688K, 99% used [0x00000000eb600000,0x00000000ee77f668,0x00000000ee780000)
  from space 6144K, 3% used [0x00000000ee780000,0x00000000ee7affa0,0x00000000eed80000)
  to   space 6144K, 0% used [0x00000000efd80000,0x00000000efd80000,0x00000000f0380000)
 ParOldGen       total 41472K, used 29121K [0x00000000c2200000, 0x00000000c4a80000, 0x00000000eb600000)
  object space 41472K, 70% used [0x00000000c2200000,0x00000000c3e70638,0x00000000c4a80000)
 Metaspace       used 26523K, capacity 26730K, committed 27008K, reserved 1073152K
  class space    used 3642K, capacity 3696K, committed 3712K, reserved 1048576K
Event: 11.709 GC heap after
Heap after GC invocations=23 (full 3):
 PSYoungGen      total 72192K, used 212K [0x00000000eb600000, 0x00000000f0280000, 0x0000000100000000)
  eden space 67072K, 0% used [0x00000000eb600000,0x00000000eb600000,0x00000000ef780000)
  from space 5120K, 4% used [0x00000000efd80000,0x00000000efdb5328,0x00000000f0280000)
  to   space 5632K, 0% used [0x00000000ef780000,0x00000000ef780000,0x00000000efd00000)
 ParOldGen       total 41472K, used 29129K [0x00000000c2200000, 0x00000000c4a80000, 0x00000000eb600000)
  object space 41472K, 70% used [0x00000000c2200000,0x00000000c3e72638,0x00000000c4a80000)
 Metaspace       used 26523K, capacity 26730K, committed 27008K, reserved 1073152K
  class space    used 3642K, capacity 3696K, committed 3712K, reserved 1048576K
}
Event: 21.171 GC heap before
{Heap before GC invocations=24 (full 3):
 PSYoungGen      total 72192K, used 67284K [0x00000000eb600000, 0x00000000f0280000, 0x0000000100000000)
  eden space 67072K, 100% used [0x00000000eb600000,0x00000000ef780000,0x00000000ef780000)
  from space 5120K, 4% used [0x00000000efd80000,0x00000000efdb5328,0x00000000f0280000)
  to   space 5632K, 0% used [0x00000000ef780000,0x00000000ef780000,0x00000000efd00000)
 ParOldGen       total 41472K, used 29129K [0x00000000c2200000, 0x00000000c4a80000, 0x00000000eb600000)
  object space 41472K, 70% used [0x00000000c2200000,0x00000000c3e72638,0x00000000c4a80000)
 Metaspace       used 27971K, capacity 28200K, committed 28544K, reserved 1073152K
  class space    used 3802K, capacity 3861K, committed 3968K, reserved 1048576K
Event: 21.177 GC heap after
Heap after GC invocations=24 (full 3):
 PSYoungGen      total 72704K, used 5608K [0x00000000eb600000, 0x00000000f1d80000, 0x0000000100000000)
  eden space 67072K, 0% used [0x00000000eb600000,0x00000000eb600000,0x00000000ef780000)
  from space 5632K, 99% used [0x00000000ef780000,0x00000000efcfa0d8,0x00000000efd00000)
  to   space 9216K, 0% used [0x00000000f1480000,0x00000000f1480000,0x00000000f1d80000)
 ParOldGen       total 41472K, used 35472K [0x00000000c2200000, 0x00000000c4a80000, 0x00000000eb600000)
  object space 41472K, 85% used [0x00000000c2200000,0x00000000c44a4228,0x00000000c4a80000)
 Metaspace       used 27971K, capacity 28200K, committed 28544K, reserved 1073152K
  class space    used 3802K, capacity 3861K, committed 3968K, reserved 1048576K
}
Event: 21.177 GC heap before
{Heap before GC invocations=25 (full 4):
 PSYoungGen      total 72704K, used 5608K [0x00000000eb600000, 0x00000000f1d80000, 0x0000000100000000)
  eden space 67072K, 0% used [0x00000000eb600000,0x00000000eb600000,0x00000000ef780000)
  from space 5632K, 99% used [0x00000000ef780000,0x00000000efcfa0d8,0x00000000efd00000)
  to   space 9216K, 0% used [0x00000000f1480000,0x00000000f1480000,0x00000000f1d80000)
 ParOldGen       total 41472K, used 35472K [0x00000000c2200000, 0x00000000c4a80000, 0x00000000eb600000)
  object space 41472K, 85% used [0x00000000c2200000,0x00000000c44a4228,0x00000000c4a80000)
 Metaspace       used 27971K, capacity 28200K, committed 28544K, reserved 1073152K
  class space    used 3802K, capacity 3861K, committed 3968K, reserved 1048576K
Event: 21.214 GC heap after
Heap after GC invocations=25 (full 4):
 PSYoungGen      total 72704K, used 0K [0x00000000eb600000, 0x00000000f1d80000, 0x0000000100000000)
  eden space 67072K, 0% used [0x00000000eb600000,0x00000000eb600000,0x00000000ef780000)
  from space 5632K, 0% used [0x00000000ef780000,0x00000000ef780000,0x00000000efd00000)
  to   space 9216K, 0% used [0x00000000f1480000,0x00000000f1480000,0x00000000f1d80000)
 ParOldGen       total 49152K, used 36700K [0x00000000c2200000, 0x00000000c5200000, 0x00000000eb600000)
  object space 49152K, 74% used [0x00000000c2200000,0x00000000c45d7360,0x00000000c5200000)
 Metaspace       used 27971K, capacity 28200K, committed 28544K, reserved 1073152K
  class space    used 3802K, capacity 3861K, committed 3968K, reserved 1048576K
}
Event: 29.036 GC heap before
{Heap before GC invocations=26 (full 4):
 PSYoungGen      total 72704K, used 63291K [0x00000000eb600000, 0x00000000f1d80000, 0x0000000100000000)
  eden space 67072K, 94% used [0x00000000eb600000,0x00000000ef3cee78,0x00000000ef780000)
  from space 5632K, 0% used [0x00000000ef780000,0x00000000ef780000,0x00000000efd00000)
  to   space 9216K, 0% used [0x00000000f1480000,0x00000000f1480000,0x00000000f1d80000)
 ParOldGen       total 49152K, used 36700K [0x00000000c2200000, 0x00000000c5200000, 0x00000000eb600000)
  object space 49152K, 74% used [0x00000000c2200000,0x00000000c45d7360,0x00000000c5200000)
 Metaspace       used 28397K, capacity 28590K, committed 29056K, reserved 1075200K
  class space    used 3812K, capacity 3862K, committed 3968K, reserved 1048576K
Event: 29.047 GC heap after
Heap after GC invocations=26 (full 4):
 PSYoungGen      total 83968K, used 9191K [0x00000000eb600000, 0x00000000f3680000, 0x0000000100000000)
  eden space 74752K, 0% used [0x00000000eb600000,0x00000000eb600000,0x00000000eff00000)
  from space 9216K, 99% used [0x00000000f1480000,0x00000000f1d79f70,0x00000000f1d80000)
  to   space 22016K, 0% used [0x00000000eff00000,0x00000000eff00000,0x00000000f1480000)
 ParOldGen       total 67584K, used 66400K [0x00000000c2200000, 0x00000000c6400000, 0x00000000eb600000)
  object space 67584K, 98% used [0x00000000c2200000,0x00000000c62d8350,0x00000000c6400000)
 Metaspace       used 28397K, capacity 28590K, committed 29056K, reserved 1075200K
  class space    used 3812K, capacity 3862K, committed 3968K, reserved 1048576K
}
Event: 29.047 GC heap before
{Heap before GC invocations=27 (full 5):
 PSYoungGen      total 83968K, used 9191K [0x00000000eb600000, 0x00000000f3680000, 0x0000000100000000)
  eden space 74752K, 0% used [0x00000000eb600000,0x00000000eb600000,0x00000000eff00000)
  from space 9216K, 99% used [0x00000000f1480000,0x00000000f1d79f70,0x00000000f1d80000)
  to   space 22016K, 0% used [0x00000000eff00000,0x00000000eff00000,0x00000000f1480000)
 ParOldGen       total 67584K, used 66400K [0x00000000c2200000, 0x00000000c6400000, 0x00000000eb600000)
  object space 67584K, 98% used [0x00000000c2200000,0x00000000c62d8350,0x00000000c6400000)
 Metaspace       used 28397K, capacity 28590K, committed 29056K, reserved 1075200K
  class space    used 3812K, capacity 3862K, committed 3968K, reserved 1048576K
Event: 29.119 GC heap after
Heap after GC invocations=27 (full 5):
 PSYoungGen      total 83968K, used 6863K [0x00000000eb600000, 0x00000000f3680000, 0x0000000100000000)
  eden space 74752K, 0% used [0x00000000eb600000,0x00000000eb600000,0x00000000eff00000)
  from space 9216K, 74% used [0x00000000f1480000,0x00000000f1b33df8,0x00000000f1d80000)
  to   space 22016K, 0% used [0x00000000eff00000,0x00000000eff00000,0x00000000f1480000)
 ParOldGen       total 85504K, used 63414K [0x00000000c2200000, 0x00000000c7580000, 0x00000000eb600000)
  object space 85504K, 74% used [0x00000000c2200000,0x00000000c5fedba0,0x00000000c7580000)
 Metaspace       used 28397K, capacity 28590K, committed 29056K, reserved 1075200K
  class space    used 3812K, capacity 3862K, committed 3968K, reserved 1048576K
}

